<?xml version="1.0" encoding="UTF-8"?>
<robot generator="Robot 6.0 (Python 3.10.4 on win32)" generated="20221023 15:46:27.238" rpa="false" schemaversion="3">
<suite id="s1" name="Robot-Framework" source="C:\Users\walru\OneDrive\Työpöytä\robot-framework">
<suite id="s1-s1" name="Testi" source="C:\Users\walru\OneDrive\Työpöytä\robot-framework\testi">
<suite id="s1-s1-s1" name="Hello" source="C:\Users\walru\OneDrive\Työpöytä\robot-framework\testi\hello.robot">
<test id="s1-s1-s1-t1" name="Example Test" line="10">
<kw name="New Page" library="Browser">
<arg>${URL}</arg>
<tag>BrowserControl</tag>
<tag>Setter</tag>
<doc>Open a new Page.</doc>
<msg timestamp="20221023 15:46:28.928" level="INFO">Successfully initialized new page object and opened url: localhost:3000</msg>
<msg timestamp="20221023 15:46:28.928" level="INFO">No browser and context was open. New browser and context was automatically opened when page is created.</msg>
<status status="PASS" starttime="20221023 15:46:27.974" endtime="20221023 15:46:28.929"/>
</kw>
<kw name="Get Text" library="Browser">
<var>${hinta}</var>
<arg>//*[@id="root"]/div/div/table/tbody/tr[2]/td/p[1]/strong</arg>
<tag>Assertion</tag>
<tag>Getter</tag>
<tag>PageContent</tag>
<doc>Returns text attribute of the element found by ``selector``.</doc>
<msg timestamp="20221023 15:46:29.142" level="INFO">${hinta} = Buffet 11,30 €</msg>
<status status="PASS" starttime="20221023 15:46:28.929" endtime="20221023 15:46:29.143"/>
</kw>
<kw name="Log" library="BuiltIn">
<arg>${hinta}</arg>
<doc>Logs the given message with the given level.</doc>
<msg timestamp="20221023 15:46:29.143" level="INFO">Buffet 11,30 €</msg>
<status status="PASS" starttime="20221023 15:46:29.143" endtime="20221023 15:46:29.143"/>
</kw>
<kw name="Should Be Equal" library="BuiltIn">
<arg>${hinta}</arg>
<arg>Buffet 11,30 €</arg>
<doc>Fails if the given objects are unequal.</doc>
<status status="PASS" starttime="20221023 15:46:29.143" endtime="20221023 15:46:29.144"/>
</kw>
<status status="PASS" starttime="20221023 15:46:27.970" endtime="20221023 15:46:29.144"/>
</test>
<doc>Buffetin olisi tarkoitus näyttää hinnaksi 11,30€</doc>
<status status="PASS" starttime="20221023 15:46:27.262" endtime="20221023 15:46:29.180"/>
</suite>
<status status="PASS" starttime="20221023 15:46:27.259" endtime="20221023 15:46:29.184"/>
</suite>
<status status="PASS" starttime="20221023 15:46:27.240" endtime="20221023 15:46:29.186"/>
</suite>
<statistics>
<total>
<stat pass="1" fail="0" skip="0">All Tests</stat>
</total>
<tag>
</tag>
<suite>
<stat pass="1" fail="0" skip="0" id="s1" name="Robot-Framework">Robot-Framework</stat>
<stat pass="1" fail="0" skip="0" id="s1-s1" name="Testi">Robot-Framework.Testi</stat>
<stat pass="1" fail="0" skip="0" id="s1-s1-s1" name="Hello">Robot-Framework.Testi.Hello</stat>
</suite>
</statistics>
<errors>
</errors>
</robot>
